2023-09-13T12:20:24.925+05:30  INFO 24348 --- [restartedMain] c.m.userservice.UserServiceApplication   : Starting UserServiceApplication using Java 17.0.4.1 with PID 24348 (C:\Users\user\Microservices\Online Quiz Application\user-service\target\classes started by user in C:\Users\user\Microservices\Online Quiz Application\user-service)
2023-09-13T12:20:24.930+05:30  INFO 24348 --- [restartedMain] c.m.userservice.UserServiceApplication   : No active profile set, falling back to 1 default profile: "default"
2023-09-13T12:20:24.979+05:30  INFO 24348 --- [restartedMain] .e.DevToolsPropertyDefaultsPostProcessor : Devtools property defaults active! Set 'spring.devtools.add-properties' to 'false' to disable
2023-09-13T12:20:24.979+05:30  INFO 24348 --- [restartedMain] .e.DevToolsPropertyDefaultsPostProcessor : For additional web related logging consider setting the 'logging.level.web' property to 'DEBUG'
2023-09-13T12:20:25.778+05:30  INFO 24348 --- [restartedMain] .s.d.r.c.RepositoryConfigurationDelegate : Bootstrapping Spring Data JPA repositories in DEFAULT mode.
2023-09-13T12:20:25.968+05:30  INFO 24348 --- [restartedMain] .s.d.r.c.RepositoryConfigurationDelegate : Finished Spring Data repository scanning in 182 ms. Found 1 JPA repository interfaces.
2023-09-13T12:20:26.203+05:30  INFO 24348 --- [restartedMain] o.s.cloud.context.scope.GenericScope     : BeanFactory id=99656364-e4e3-37b0-9c07-f88f55318b36
2023-09-13T12:20:26.788+05:30  INFO 24348 --- [restartedMain] o.s.b.w.embedded.tomcat.TomcatWebServer  : Tomcat initialized with port(s): 8080 (http)
2023-09-13T12:20:26.799+05:30  INFO 24348 --- [restartedMain] o.apache.catalina.core.StandardService   : Starting service [Tomcat]
2023-09-13T12:20:26.800+05:30  INFO 24348 --- [restartedMain] o.apache.catalina.core.StandardEngine    : Starting Servlet engine: [Apache Tomcat/10.1.11]
2023-09-13T12:20:26.877+05:30  INFO 24348 --- [restartedMain] o.a.c.c.C.[Tomcat].[localhost].[/]       : Initializing Spring embedded WebApplicationContext
2023-09-13T12:20:26.878+05:30  INFO 24348 --- [restartedMain] w.s.c.ServletWebServerApplicationContext : Root WebApplicationContext: initialization completed in 1897 ms
2023-09-13T12:20:27.016+05:30  INFO 24348 --- [restartedMain] o.hibernate.jpa.internal.util.LogHelper  : HHH000204: Processing PersistenceUnitInfo [name: default]
2023-09-13T12:20:27.089+05:30  INFO 24348 --- [restartedMain] org.hibernate.Version                    : HHH000412: Hibernate ORM core version 6.2.6.Final
2023-09-13T12:20:27.092+05:30  INFO 24348 --- [restartedMain] org.hibernate.cfg.Environment            : HHH000406: Using bytecode reflection optimizer
2023-09-13T12:20:27.239+05:30  INFO 24348 --- [restartedMain] o.h.b.i.BytecodeProviderInitiator        : HHH000021: Bytecode provider name : bytebuddy
2023-09-13T12:20:27.366+05:30  INFO 24348 --- [restartedMain] o.s.o.j.p.SpringPersistenceUnitInfo      : No LoadTimeWeaver setup: ignoring JPA class transformer
2023-09-13T12:20:27.381+05:30  INFO 24348 --- [restartedMain] com.zaxxer.hikari.HikariDataSource       : HikariPool-1 - Starting...
2023-09-13T12:20:27.617+05:30  INFO 24348 --- [restartedMain] com.zaxxer.hikari.pool.HikariPool        : HikariPool-1 - Added connection com.mysql.cj.jdbc.ConnectionImpl@6c640147
2023-09-13T12:20:27.619+05:30  INFO 24348 --- [restartedMain] com.zaxxer.hikari.HikariDataSource       : HikariPool-1 - Start completed.
2023-09-13T12:20:27.660+05:30  WARN 24348 --- [restartedMain] org.hibernate.orm.deprecation            : HHH90000026: MySQL8Dialect has been deprecated; use org.hibernate.dialect.MySQLDialect instead
2023-09-13T12:20:27.824+05:30  INFO 24348 --- [restartedMain] o.h.b.i.BytecodeProviderInitiator        : HHH000021: Bytecode provider name : bytebuddy
2023-09-13T12:20:28.399+05:30  INFO 24348 --- [restartedMain] o.h.e.t.j.p.i.JtaPlatformInitiator       : HHH000490: Using JtaPlatform implementation: [org.hibernate.engine.transaction.jta.platform.internal.NoJtaPlatform]
2023-09-13T12:20:28.453+05:30  INFO 24348 --- [restartedMain] j.LocalContainerEntityManagerFactoryBean : Initialized JPA EntityManagerFactory for persistence unit 'default'
2023-09-13T12:20:28.780+05:30  WARN 24348 --- [restartedMain] JpaBaseConfiguration$JpaWebConfiguration : spring.jpa.open-in-view is enabled by default. Therefore, database queries may be performed during view rendering. Explicitly configure spring.jpa.open-in-view to disable this warning
2023-09-13T12:20:29.122+05:30  WARN 24348 --- [restartedMain] o.s.b.d.a.OptionalLiveReloadServer       : Unable to start LiveReload server
2023-09-13T12:20:29.219+05:30  INFO 24348 --- [restartedMain] DiscoveryClientOptionalArgsConfiguration : Eureka HTTP Client uses RestTemplate.
2023-09-13T12:20:29.344+05:30  WARN 24348 --- [restartedMain] iguration$LoadBalancerCaffeineWarnLogger : Spring Cloud LoadBalancer is currently working with the default cache. While this cache implementation is useful for development and tests, it's recommended to use Caffeine cache in production.You can switch to using Caffeine cache, by adding it and org.springframework.cache.caffeine.CaffeineCacheManager to the classpath.
2023-09-13T12:20:29.410+05:30  INFO 24348 --- [restartedMain] o.s.c.n.eureka.InstanceInfoFactory       : Setting initial instance status as: STARTING
2023-09-13T12:20:29.444+05:30  INFO 24348 --- [restartedMain] com.netflix.discovery.DiscoveryClient    : Initializing Eureka in region us-east-1
2023-09-13T12:20:29.452+05:30  INFO 24348 --- [restartedMain] c.n.d.s.r.aws.ConfigClusterResolver      : Resolving eureka endpoints via configuration
2023-09-13T12:20:29.472+05:30  INFO 24348 --- [restartedMain] com.netflix.discovery.DiscoveryClient    : Disable delta property : false
2023-09-13T12:20:29.472+05:30  INFO 24348 --- [restartedMain] com.netflix.discovery.DiscoveryClient    : Single vip registry refresh property : null
2023-09-13T12:20:29.472+05:30  INFO 24348 --- [restartedMain] com.netflix.discovery.DiscoveryClient    : Force full registry fetch : false
2023-09-13T12:20:29.472+05:30  INFO 24348 --- [restartedMain] com.netflix.discovery.DiscoveryClient    : Application is null : false
2023-09-13T12:20:29.472+05:30  INFO 24348 --- [restartedMain] com.netflix.discovery.DiscoveryClient    : Registered Applications size is zero : true
2023-09-13T12:20:29.472+05:30  INFO 24348 --- [restartedMain] com.netflix.discovery.DiscoveryClient    : Application version is -1: true
2023-09-13T12:20:29.472+05:30  INFO 24348 --- [restartedMain] com.netflix.discovery.DiscoveryClient    : Getting all instance registry info from the eureka server
2023-09-13T12:20:29.780+05:30  INFO 24348 --- [restartedMain] com.netflix.discovery.DiscoveryClient    : The response status is 200
2023-09-13T12:20:29.784+05:30  INFO 24348 --- [restartedMain] com.netflix.discovery.DiscoveryClient    : Starting heartbeat executor: renew interval is: 30
2023-09-13T12:20:29.787+05:30  INFO 24348 --- [restartedMain] c.n.discovery.InstanceInfoReplicator     : InstanceInfoReplicator onDemand update allowed rate per min is 4
2023-09-13T12:20:29.792+05:30  INFO 24348 --- [restartedMain] com.netflix.discovery.DiscoveryClient    : Discovery Client initialized at timestamp 1694587829791 with initial instances count: 2
2023-09-13T12:20:29.794+05:30  INFO 24348 --- [restartedMain] o.s.c.n.e.s.EurekaServiceRegistry        : Registering application USER-SERVICE with eureka with status UP
2023-09-13T12:20:29.794+05:30  INFO 24348 --- [restartedMain] com.netflix.discovery.DiscoveryClient    : Saw local status change event StatusChangeEvent [timestamp=1694587829794, current=UP, previous=STARTING]
2023-09-13T12:20:29.795+05:30  INFO 24348 --- [DiscoveryClient-InstanceInfoReplicator-0] com.netflix.discovery.DiscoveryClient    : DiscoveryClient_USER-SERVICE/manu:user-service: registering service...
2023-09-13T12:20:29.819+05:30  INFO 24348 --- [restartedMain] o.s.b.w.embedded.tomcat.TomcatWebServer  : Tomcat started on port(s): 8080 (http) with context path ''
2023-09-13T12:20:29.820+05:30  INFO 24348 --- [restartedMain] .s.c.n.e.s.EurekaAutoServiceRegistration : Updating port to 8080
2023-09-13T12:20:29.839+05:30  INFO 24348 --- [DiscoveryClient-InstanceInfoReplicator-0] com.netflix.discovery.DiscoveryClient    : DiscoveryClient_USER-SERVICE/manu:user-service - registration status: 204
2023-09-13T12:20:29.895+05:30  INFO 24348 --- [restartedMain] c.m.userservice.UserServiceApplication   : Started UserServiceApplication in 5.495 seconds (process running for 6.263)
2023-09-13T12:25:29.488+05:30  INFO 24348 --- [AsyncResolver-bootstrap-executor-0] c.n.d.s.r.aws.ConfigClusterResolver      : Resolving eureka endpoints via configuration
2023-09-13T12:30:29.490+05:30  INFO 24348 --- [AsyncResolver-bootstrap-executor-0] c.n.d.s.r.aws.ConfigClusterResolver      : Resolving eureka endpoints via configuration
2023-09-13T12:35:29.505+05:30  INFO 24348 --- [AsyncResolver-bootstrap-executor-0] c.n.d.s.r.aws.ConfigClusterResolver      : Resolving eureka endpoints via configuration
2023-09-13T12:40:29.514+05:30  INFO 24348 --- [AsyncResolver-bootstrap-executor-0] c.n.d.s.r.aws.ConfigClusterResolver      : Resolving eureka endpoints via configuration
2023-09-13T12:45:29.528+05:30  INFO 24348 --- [AsyncResolver-bootstrap-executor-0] c.n.d.s.r.aws.ConfigClusterResolver      : Resolving eureka endpoints via configuration
2023-09-13T12:50:29.538+05:30  INFO 24348 --- [AsyncResolver-bootstrap-executor-0] c.n.d.s.r.aws.ConfigClusterResolver      : Resolving eureka endpoints via configuration
2023-09-13T12:55:29.563+05:30  INFO 24348 --- [AsyncResolver-bootstrap-executor-0] c.n.d.s.r.aws.ConfigClusterResolver      : Resolving eureka endpoints via configuration
2023-09-13T13:00:29.574+05:30  INFO 24348 --- [AsyncResolver-bootstrap-executor-0] c.n.d.s.r.aws.ConfigClusterResolver      : Resolving eureka endpoints via configuration
2023-09-13T13:05:29.585+05:30  INFO 24348 --- [AsyncResolver-bootstrap-executor-0] c.n.d.s.r.aws.ConfigClusterResolver      : Resolving eureka endpoints via configuration
2023-09-13T13:10:29.590+05:30  INFO 24348 --- [AsyncResolver-bootstrap-executor-0] c.n.d.s.r.aws.ConfigClusterResolver      : Resolving eureka endpoints via configuration
2023-09-13T13:15:29.598+05:30  INFO 24348 --- [AsyncResolver-bootstrap-executor-0] c.n.d.s.r.aws.ConfigClusterResolver      : Resolving eureka endpoints via configuration
2023-09-13T13:20:29.608+05:30  INFO 24348 --- [AsyncResolver-bootstrap-executor-0] c.n.d.s.r.aws.ConfigClusterResolver      : Resolving eureka endpoints via configuration
2023-09-13T13:25:29.621+05:30  INFO 24348 --- [AsyncResolver-bootstrap-executor-0] c.n.d.s.r.aws.ConfigClusterResolver      : Resolving eureka endpoints via configuration
2023-09-13T13:30:29.626+05:30  INFO 24348 --- [AsyncResolver-bootstrap-executor-0] c.n.d.s.r.aws.ConfigClusterResolver      : Resolving eureka endpoints via configuration
2023-09-13T13:35:29.635+05:30  INFO 24348 --- [AsyncResolver-bootstrap-executor-0] c.n.d.s.r.aws.ConfigClusterResolver      : Resolving eureka endpoints via configuration
